This is pdfTeX, Version 3.1415926-2.5-1.40.14 (TeX Live 2013/Debian) (format=pdflatex 2016.9.8)  17 JAN 2017 18:11
entering extended mode
 restricted \write18 enabled.
 %&-line parsing enabled.
**thesis
(./thesis.tex
LaTeX2e <2011/06/27>
Babel <3.9h> and hyphenation patterns for 78 languages loaded.
(./coppe.cls
Document Class: coppe 2011/02/08\ v2.2\ COPPE Dissertations and Thesis
(/usr/share/texlive/texmf-dist/tex/latex/base/book.cls
Document Class: book 2007/10/19 v1.4h Standard LaTeX document class
(/usr/share/texlive/texmf-dist/tex/latex/base/bk12.clo
File: bk12.clo 2007/10/19 v1.4h Standard LaTeX file (size option)
)
\c@part=\count79
\c@chapter=\count80
\c@section=\count81
\c@subsection=\count82
\c@subsubsection=\count83
\c@paragraph=\count84
\c@subparagraph=\count85
\c@figure=\count86
\c@table=\count87
\abovecaptionskip=\skip41
\belowcaptionskip=\skip42
\bibindent=\dimen102
)
(/usr/share/texlive/texmf-dist/tex/latex/natbib/natbib.sty
Package: natbib 2010/09/13 8.31b (PWD, AO)
\bibhang=\skip43
\bibsep=\skip44
LaTeX Info: Redefining \cite on input line 694.
\c@NAT@ctr=\count88
)
(/usr/share/texlive/texmf-dist/tex/latex/hyphenat/hyphenat.sty
Package: hyphenat 2009/09/02 v2.3c hyphenation utilities
\langwohyphens=\language79
LaTeX Info: Redefining \_ on input line 43.
)
(/usr/share/texlive/texmf-dist/tex/latex/lastpage/lastpage.sty
Package: lastpage 2013/01/28 v1.2l Refers to last page's name (HMM; JPG)
)
(/usr/share/texlive/texmf-dist/tex/generic/babel/babel.sty
Package: babel 2013/12/03 3.9h The Babel package

(/usr/share/texlive/texmf-dist/tex/generic/babel-portuges/portuges.ldf
Language: portuges 2008/03/18 v1.2q Portuguese support from the babel system

(/usr/share/texlive/texmf-dist/tex/generic/babel/babel.def
File: babel.def 2013/12/03 3.9h Babel common definitions
\babel@savecnt=\count89
\U@D=\dimen103
)
\l@brazil = a dialect from \language\l@portuges 
Package babel Info: Making " an active character on input line 145.
)
(/usr/share/texlive/texmf-dist/tex/generic/babel-english/english.ldf
Language: english 2012/08/20 v3.3p English support from the babel system
\l@canadian = a dialect from \language\l@american 
\l@australian = a dialect from \language\l@british 
\l@newzealand = a dialect from \language\l@british 
))
(/usr/share/texlive/texmf-dist/tex/latex/base/ifthen.sty
Package: ifthen 2001/05/26 v1.1c Standard LaTeX ifthen package (DPC)
)
(/usr/share/texlive/texmf-dist/tex/latex/graphics/graphicx.sty
Package: graphicx 1999/02/16 v1.0f Enhanced LaTeX Graphics (DPC,SPQR)

(/usr/share/texlive/texmf-dist/tex/latex/graphics/keyval.sty
Package: keyval 1999/03/16 v1.13 key=value parser (DPC)
\KV@toks@=\toks14
)
(/usr/share/texlive/texmf-dist/tex/latex/graphics/graphics.sty
Package: graphics 2009/02/05 v1.0o Standard LaTeX Graphics (DPC,SPQR)

(/usr/share/texlive/texmf-dist/tex/latex/graphics/trig.sty
Package: trig 1999/03/16 v1.09 sin cos tan (DPC)
)
(/usr/share/texlive/texmf-dist/tex/latex/latexconfig/graphics.cfg
File: graphics.cfg 2010/04/23 v1.9 graphics configuration of TeX Live
)
Package graphics Info: Driver file: pdftex.def on input line 91.

(/usr/share/texlive/texmf-dist/tex/latex/pdftex-def/pdftex.def
File: pdftex.def 2011/05/27 v0.06d Graphics/color for pdfTeX

(/usr/share/texlive/texmf-dist/tex/generic/oberdiek/infwarerr.sty
Package: infwarerr 2010/04/08 v1.3 Providing info/warning/error messages (HO)
)
(/usr/share/texlive/texmf-dist/tex/generic/oberdiek/ltxcmds.sty
Package: ltxcmds 2011/11/09 v1.22 LaTeX kernel commands for general use (HO)
)
\Gread@gobject=\count90
))
\Gin@req@height=\dimen104
\Gin@req@width=\dimen105
)
(/usr/share/texlive/texmf-dist/tex/latex/setspace/setspace.sty
Package: setspace 2011/12/19 v6.7a set line spacing
)
(/usr/share/texlive/texmf-dist/tex/latex/tools/tabularx.sty
Package: tabularx 1999/01/07 v2.07 `tabularx' package (DPC)

(/usr/share/texlive/texmf-dist/tex/latex/tools/array.sty
Package: array 2008/09/09 v2.4c Tabular extension package (FMi)
\col@sep=\dimen106
\extrarowheight=\dimen107
\NC@list=\toks15
\extratabsurround=\skip45
\backup@length=\skip46
)
\TX@col@width=\dimen108
\TX@old@table=\dimen109
\TX@old@col=\dimen110
\TX@target=\dimen111
\TX@delta=\dimen112
\TX@cols=\count91
\TX@ftn=\toks16
)
(/usr/share/texlive/texmf-dist/tex/latex/eqparbox/eqparbox.sty
Package: eqparbox 2013/03/15 v4.0 Create equal-widthed boxes
\eqp@tempdima=\skip47
\eqp@tempdimb=\skip48
\eqp@tabular@box=\box26
\eqp@list@box=\box27
\eqp@list@indent=\skip49

(/usr/share/texlive/texmf-dist/tex/latex/environ/environ.sty
Package: environ 2013/04/01 v0.3 A new environment syntax

(/usr/share/texlive/texmf-dist/tex/latex/trimspaces/trimspaces.sty
Package: trimspaces 2009/09/17 v1.1 Trim spaces around a token list
)
\@envbody=\toks17
))
(/usr/share/texlive/texmf-dist/tex/latex/geometry/geometry.sty
Package: geometry 2010/09/12 v5.6 Page Geometry

(/usr/share/texlive/texmf-dist/tex/generic/oberdiek/ifpdf.sty
Package: ifpdf 2011/01/30 v2.3 Provides the ifpdf switch (HO)
Package ifpdf Info: pdfTeX in PDF mode is detected.
)
(/usr/share/texlive/texmf-dist/tex/generic/oberdiek/ifvtex.sty
Package: ifvtex 2010/03/01 v1.5 Detect VTeX and its facilities (HO)
Package ifvtex Info: VTeX not detected.
)
(/usr/share/texlive/texmf-dist/tex/generic/ifxetex/ifxetex.sty
Package: ifxetex 2010/09/12 v0.6 Provides ifxetex conditional
)
\Gm@cnth=\count92
\Gm@cntv=\count93
\c@Gm@tempcnt=\count94
\Gm@bindingoffset=\dimen113
\Gm@wd@mp=\dimen114
\Gm@odd@mp=\dimen115
\Gm@even@mp=\dimen116
\Gm@layoutwidth=\dimen117
\Gm@layoutheight=\dimen118
\Gm@layouthoffset=\dimen119
\Gm@layoutvoffset=\dimen120
\Gm@dimlist=\toks18
)
\@advisor=\count95
\@examiner=\count96
\c@keywords=\count97
\bibindent=\dimen121
)
(/usr/share/texlive/texmf-dist/tex/latex/amsmath/amsmath.sty
Package: amsmath 2013/01/14 v2.14 AMS math features
\@mathmargin=\skip50

For additional information on amsmath, use the `?' option.
(/usr/share/texlive/texmf-dist/tex/latex/amsmath/amstext.sty
Package: amstext 2000/06/29 v2.01

(/usr/share/texlive/texmf-dist/tex/latex/amsmath/amsgen.sty
File: amsgen.sty 1999/11/30 v2.0
\@emptytoks=\toks19
\ex@=\dimen122
))
(/usr/share/texlive/texmf-dist/tex/latex/amsmath/amsbsy.sty
Package: amsbsy 1999/11/29 v1.2d
\pmbraise@=\dimen123
)
(/usr/share/texlive/texmf-dist/tex/latex/amsmath/amsopn.sty
Package: amsopn 1999/12/14 v2.01 operator names
)
\inf@bad=\count98
LaTeX Info: Redefining \frac on input line 210.
\uproot@=\count99
\leftroot@=\count100
LaTeX Info: Redefining \overline on input line 306.
\classnum@=\count101
\DOTSCASE@=\count102
LaTeX Info: Redefining \ldots on input line 378.
LaTeX Info: Redefining \dots on input line 381.
LaTeX Info: Redefining \cdots on input line 466.
\Mathstrutbox@=\box28
\strutbox@=\box29
\big@size=\dimen124
LaTeX Font Info:    Redeclaring font encoding OML on input line 566.
LaTeX Font Info:    Redeclaring font encoding OMS on input line 567.
\macc@depth=\count103
\c@MaxMatrixCols=\count104
\dotsspace@=\muskip10
\c@parentequation=\count105
\dspbrk@lvl=\count106
\tag@help=\toks20
\row@=\count107
\column@=\count108
\maxfields@=\count109
\andhelp@=\toks21
\eqnshift@=\dimen125
\alignsep@=\dimen126
\tagshift@=\dimen127
\tagwidth@=\dimen128
\totwidth@=\dimen129
\lineht@=\dimen130
\@envbody=\toks22
\multlinegap=\skip51
\multlinetaggap=\skip52
\mathdisplay@stack=\toks23
LaTeX Info: Redefining \[ on input line 2665.
LaTeX Info: Redefining \] on input line 2666.
)
(/usr/share/texlive/texmf-dist/tex/latex/amsfonts/amssymb.sty
Package: amssymb 2013/01/14 v3.01 AMS font symbols

(/usr/share/texlive/texmf-dist/tex/latex/amsfonts/amsfonts.sty
Package: amsfonts 2013/01/14 v3.01 Basic AMSFonts support
\symAMSa=\mathgroup4
\symAMSb=\mathgroup5
LaTeX Font Info:    Overwriting math alphabet `\mathfrak' in version `bold'
(Font)                  U/euf/m/n --> U/euf/b/n on input line 106.
))
(/usr/share/texlive/texmf-dist/tex/latex/hyperref/hyperref.sty
Package: hyperref 2012/11/06 v6.83m Hypertext links for LaTeX

(/usr/share/texlive/texmf-dist/tex/generic/oberdiek/hobsub-hyperref.sty
Package: hobsub-hyperref 2012/05/28 v1.13 Bundle oberdiek, subset hyperref (HO)


(/usr/share/texlive/texmf-dist/tex/generic/oberdiek/hobsub-generic.sty
Package: hobsub-generic 2012/05/28 v1.13 Bundle oberdiek, subset generic (HO)
Package: hobsub 2012/05/28 v1.13 Construct package bundles (HO)
Package hobsub Info: Skipping package `infwarerr' (already loaded).
Package hobsub Info: Skipping package `ltxcmds' (already loaded).
Package: ifluatex 2010/03/01 v1.3 Provides the ifluatex switch (HO)
Package ifluatex Info: LuaTeX not detected.
Package hobsub Info: Skipping package `ifvtex' (already loaded).
Package: intcalc 2007/09/27 v1.1 Expandable calculations with integers (HO)
Package hobsub Info: Skipping package `ifpdf' (already loaded).
Package: etexcmds 2011/02/16 v1.5 Avoid name clashes with e-TeX commands (HO)
Package etexcmds Info: Could not find \expanded.
(etexcmds)             That can mean that you are not using pdfTeX 1.50 or
(etexcmds)             that some package has redefined \expanded.
(etexcmds)             In the latter case, load this package earlier.
Package: kvsetkeys 2012/04/25 v1.16 Key value parser (HO)
Package: kvdefinekeys 2011/04/07 v1.3 Define keys (HO)
Package: pdftexcmds 2011/11/29 v0.20 Utility functions of pdfTeX for LuaTeX (HO
)
Package pdftexcmds Info: LuaTeX not detected.
Package pdftexcmds Info: \pdf@primitive is available.
Package pdftexcmds Info: \pdf@ifprimitive is available.
Package pdftexcmds Info: \pdfdraftmode found.
Package: pdfescape 2011/11/25 v1.13 Implements pdfTeX's escape features (HO)
Package: bigintcalc 2012/04/08 v1.3 Expandable calculations on big integers (HO
)
Package: bitset 2011/01/30 v1.1 Handle bit-vector datatype (HO)
Package: uniquecounter 2011/01/30 v1.2 Provide unlimited unique counter (HO)
)
Package hobsub Info: Skipping package `hobsub' (already loaded).
Package: letltxmacro 2010/09/02 v1.4 Let assignment for LaTeX macros (HO)
Package: hopatch 2012/05/28 v1.2 Wrapper for package hooks (HO)
Package: xcolor-patch 2011/01/30 xcolor patch
Package: atveryend 2011/06/30 v1.8 Hooks at the very end of document (HO)
Package atveryend Info: \enddocument detected (standard20110627).
Package: atbegshi 2011/10/05 v1.16 At begin shipout hook (HO)
Package: refcount 2011/10/16 v3.4 Data extraction from label references (HO)
Package: hycolor 2011/01/30 v1.7 Color options for hyperref/bookmark (HO)
)
(/usr/share/texlive/texmf-dist/tex/latex/oberdiek/auxhook.sty
Package: auxhook 2011/03/04 v1.3 Hooks for auxiliary files (HO)
)
(/usr/share/texlive/texmf-dist/tex/latex/oberdiek/kvoptions.sty
Package: kvoptions 2011/06/30 v3.11 Key value format for package options (HO)
)
\@linkdim=\dimen131
\Hy@linkcounter=\count110
\Hy@pagecounter=\count111

(/usr/share/texlive/texmf-dist/tex/latex/hyperref/pd1enc.def
File: pd1enc.def 2012/11/06 v6.83m Hyperref: PDFDocEncoding definition (HO)
)
\Hy@SavedSpaceFactor=\count112

(/usr/share/texlive/texmf-dist/tex/latex/latexconfig/hyperref.cfg
File: hyperref.cfg 2002/06/06 v1.2 hyperref configuration of TeXLive
)
Package hyperref Info: Hyper figures OFF on input line 4443.
Package hyperref Info: Link nesting OFF on input line 4448.
Package hyperref Info: Hyper index ON on input line 4451.
Package hyperref Info: Plain pages OFF on input line 4458.
Package hyperref Info: Backreferencing OFF on input line 4463.
Package hyperref Info: Implicit mode ON; LaTeX internals redefined.
Package hyperref Info: Bookmarks ON on input line 4688.
\c@Hy@tempcnt=\count113

(/usr/share/texlive/texmf-dist/tex/latex/url/url.sty
\Urlmuskip=\muskip11
Package: url 2013/09/16  ver 3.4  Verb mode for urls, etc.
)
LaTeX Info: Redefining \url on input line 5041.
\XeTeXLinkMargin=\dimen132
\Fld@menulength=\count114
\Field@Width=\dimen133
\Fld@charsize=\dimen134
Package hyperref Info: Hyper figures OFF on input line 6295.
Package hyperref Info: Link nesting OFF on input line 6300.
Package hyperref Info: Hyper index ON on input line 6303.
Package hyperref Info: backreferencing OFF on input line 6310.
Package hyperref Info: Link coloring OFF on input line 6315.
Package hyperref Info: Link coloring with OCG OFF on input line 6320.
Package hyperref Info: PDF/A mode OFF on input line 6325.
LaTeX Info: Redefining \ref on input line 6365.
LaTeX Info: Redefining \pageref on input line 6369.
\Hy@abspage=\count115
\c@Item=\count116
\c@Hfootnote=\count117
)

Package hyperref Message: Driver (autodetected): hpdftex.

(/usr/share/texlive/texmf-dist/tex/latex/hyperref/hpdftex.def
File: hpdftex.def 2012/11/06 v6.83m Hyperref driver for pdfTeX
\Fld@listcount=\count118
\c@bookmark@seq@number=\count119

(/usr/share/texlive/texmf-dist/tex/latex/oberdiek/rerunfilecheck.sty
Package: rerunfilecheck 2011/04/15 v1.7 Rerun checks for auxiliary files (HO)
Package uniquecounter Info: New unique counter `rerunfilecheck' on input line 2
82.
)
\Hy@SectionHShift=\skip53
)
(/usr/share/texlive/texmf-dist/tex/latex/algorithmicx/algpseudocode.sty
Package: algpseudocode 

(/usr/share/texlive/texmf-dist/tex/latex/algorithmicx/algorithmicx.sty
Package: algorithmicx 2005/04/27 v1.2 Algorithmicx

Document Style algorithmicx 1.2 - a greatly improved `algorithmic' style
\c@ALG@line=\count120
\c@ALG@rem=\count121
\c@ALG@nested=\count122
\ALG@tlm=\skip54
\ALG@thistlm=\skip55
\c@ALG@Lnr=\count123
\c@ALG@blocknr=\count124
\c@ALG@storecount=\count125
\c@ALG@tmpcounter=\count126
\ALG@tmplength=\skip56
)
Document Style - pseudocode environments for use with the `algorithmicx' style
) (/usr/share/texlive/texmf-dist/tex/latex/algorithms/algorithm.sty
Package: algorithm 2009/08/24 v0.1 Document Style `algorithm' - floating enviro
nment

(/usr/share/texlive/texmf-dist/tex/latex/float/float.sty
Package: float 2001/11/08 v1.3d Float enhancements (AL)
\c@float@type=\count127
\float@exts=\toks24
\float@box=\box30
\@float@everytoks=\toks25
\@floatcapt=\box31
)
\@float@every@algorithm=\toks26
\c@algorithm=\count128
)
(/usr/share/texlive/texmf-dist/tex/latex/caption/caption.sty
Package: caption 2013/05/02 v3.3-89 Customizing captions (AR)

(/usr/share/texlive/texmf-dist/tex/latex/caption/caption3.sty
Package: caption3 2013/05/02 v1.6-88 caption3 kernel (AR)
Package caption3 Info: TeX engine: e-TeX on input line 57.
\captionmargin=\dimen135
\captionmargin@=\dimen136
\captionwidth=\dimen137
\caption@tempdima=\dimen138
\caption@indent=\dimen139
\caption@parindent=\dimen140
\caption@hangindent=\dimen141
)
\c@ContinuedFloat=\count129
Package caption Info: float package is loaded.
Package caption Info: hyperref package is loaded.
)
(/usr/share/texlive/texmf-dist/tex/latex/caption/subcaption.sty
Package: subcaption 2013/02/03 v1.1-62 Sub-captions (AR)
\c@subfigure=\count130
\c@subtable=\count131
)
(/usr/share/texlive/texmf-dist/tex/latex/multirow/multirow.sty
\bigstrutjot=\dimen142
)
(/usr/share/texlive/texmf-dist/tex/latex/glossaries/base/glossaries.sty
Package: glossaries 2014/01/20 v4.03 (NLCT)

(/usr/share/texlive/texmf-dist/tex/latex/xkeyval/xkeyval.sty
Package: xkeyval 2012/10/14 v2.6b package option processing (HA)

(/usr/share/texlive/texmf-dist/tex/generic/xkeyval/xkeyval.tex
\XKV@toks=\toks27
\XKV@tempa@toks=\toks28
\XKV@depth=\count132
File: xkeyval.tex 2012/10/14 v2.6b key=value parser (HA)
))
(/usr/share/texlive/texmf-dist/tex/latex/glossaries/base/mfirstuc.sty
Package: mfirstuc 2013/11/04 v1.08 (NLCT)

(/usr/share/texlive/texmf-dist/tex/latex/etoolbox/etoolbox.sty
Package: etoolbox 2011/01/03 v2.1 e-TeX tools for LaTeX

(/usr/share/texlive/texmf-dist/tex/latex/etex-pkg/etex.sty
Package: etex 1998/03/26 v2.0 eTeX basic definition package (PEB)
\et@xins=\count133
)
\etb@tempcnta=\count134
)
\@glsmfirst=\toks29
\@glsmrest=\toks30
)
(/usr/share/texlive/texmf-dist/tex/latex/textcase/textcase.sty
Package: textcase 2004/10/07 v0.07 Text only upper/lower case changing (DPC)
)
(/usr/share/texlive/texmf-dist/tex/latex/xfor/xfor.sty
Package: xfor 2009/02/05 v1.05 (NLCT)
)
(/usr/share/texlive/texmf-dist/tex/latex/datatool/datatool-base.sty
Package: datatool-base 2013/09/06 v2.18 (NLCT)

(/usr/share/texlive/texmf-dist/tex/latex/substr/substr.sty
Package: substr 2009/10/20 v1.2 Handle substrings
\c@su@anzahl=\count135
)
(/usr/share/texlive/texmf-dist/tex/latex/datatool/datatool-fp.sty
Package: datatool-fp 2013/08/29 v2.17 (NLCT)

(/usr/share/texlive/texmf-dist/tex/latex/fp/fp.sty
Package: fp 1995/04/02

`Fixed Point Package', Version 0.8, April 2, 1995 (C) Michael Mehlich
(/usr/share/texlive/texmf-dist/tex/latex/fp/defpattern.sty
Package: defpattern 1994/10/12
\actioncount=\count136
)
(/usr/share/texlive/texmf-dist/tex/latex/fp/fp-basic.sty
Package: fp-basic 1996/05/13
\FP@xs=\count137
\FP@xia=\count138
\FP@xib=\count139
\FP@xfa=\count140
\FP@xfb=\count141
\FP@rega=\count142
\FP@regb=\count143
\FP@regs=\count144
\FP@times=\count145
)
(/usr/share/texlive/texmf-dist/tex/latex/fp/fp-addons.sty
Package: fp-addons 1995/03/15
)
(/usr/share/texlive/texmf-dist/tex/latex/fp/fp-snap.sty
Package: fp-snap 1995/04/05
)
(/usr/share/texlive/texmf-dist/tex/latex/fp/fp-exp.sty
Package: fp-exp 1995/04/03
)
(/usr/share/texlive/texmf-dist/tex/latex/fp/fp-trigo.sty
Package: fp-trigo 1995/04/14
)
(/usr/share/texlive/texmf-dist/tex/latex/fp/fp-pas.sty
Package: fp-pas 1994/08/29
)
(/usr/share/texlive/texmf-dist/tex/latex/fp/fp-random.sty
Package: fp-random 1995/02/23
\FPseed=\count146
)
(/usr/share/texlive/texmf-dist/tex/latex/fp/fp-eqn.sty
Package: fp-eqn 1995/04/03
)
(/usr/share/texlive/texmf-dist/tex/latex/fp/fp-upn.sty
Package: fp-upn 1996/10/21
)
(/usr/share/texlive/texmf-dist/tex/latex/fp/fp-eval.sty
Package: fp-eval 1995/04/03
)))
\@dtl@toks=\toks31
\@dtl@tmpcount=\count147
\dtl@tmplength=\skip57
\dtl@sortresult=\count148
\@dtl@numgrpsepcount=\count149
\@dtl@datatype=\count150
\dtl@codeA=\count151
\dtl@codeB=\count152
\@dtl@foreach@level=\count153
)
(/usr/share/texlive/texmf-dist/tex/latex/glossaries/base/glossaries-compatible-
307.sty
Package: glossaries-compatible-307 2013/11/14 v4.0 (NLCT)
) (/usr/share/texmf/tex/latex/beamer/base/translator/translator.sty
Package: translator 2010/06/12 ver 1.10

(/usr/share/texmf/tex/latex/beamer/base/translator/translator-language-mappings
.tex))
\gls@level=\count154
\@gls@tmpb=\toks32
\gls@tmplen=\skip58
\glswrite=\write3


Package glossaries Warning: overriding `theglossary' environment on input line 
4761.

\glskeylisttok=\toks33
\glslabeltok=\toks34
\glsshorttok=\toks35
\glslongtok=\toks36

(/usr/share/texlive/texmf-dist/tex/latex/glossaries/styles/glossary-hypernav.st
y
Package: glossary-hypernav 2013/11/14 v4.0 (NLCT)
) (/usr/share/texlive/texmf-dist/tex/latex/glossaries/styles/glossary-list.sty
Package: glossary-list 2013/11/14 v4.0 (NLCT)
\glslistdottedwidth=\skip59
) (/usr/share/texlive/texmf-dist/tex/latex/glossaries/styles/glossary-long.sty
Package: glossary-long 2013/11/14 v4.0 (NLCT)

(/usr/share/texlive/texmf-dist/tex/latex/tools/longtable.sty
Package: longtable 2004/02/01 v4.11 Multi-page Table package (DPC)
\LTleft=\skip60
\LTright=\skip61
\LTpre=\skip62
\LTpost=\skip63
\LTchunksize=\count155
\LTcapwidth=\dimen143
\LT@head=\box32
\LT@firsthead=\box33
\LT@foot=\box34
\LT@lastfoot=\box35
\LT@cols=\count156
\LT@rows=\count157
\c@LT@tables=\count158
\c@LT@chunks=\count159
\LT@p@ftn=\toks37
)
\glsdescwidth=\skip64
\glspagelistwidth=\skip65
)
(/usr/share/texlive/texmf-dist/tex/latex/glossaries/styles/glossary-super.sty
Package: glossary-super 2013/11/14 v4.0 (NLCT)

(/usr/share/texlive/texmf-dist/tex/latex/supertabular/supertabular.sty
Package: supertabular 2004/02/20 v4.1e the supertabular environment
\c@tracingst=\count160
\ST@wd=\dimen144
\ST@rightskip=\skip66
\ST@leftskip=\skip67
\ST@parfillskip=\skip68
\ST@pageleft=\dimen145
\ST@headht=\dimen146
\ST@tailht=\dimen147
\ST@pagesofar=\dimen148
\ST@pboxht=\dimen149
\ST@lineht=\dimen150
\ST@stretchht=\dimen151
\ST@prevht=\dimen152
\ST@toadd=\dimen153
\ST@dimen=\dimen154
\ST@pbox=\box36
))
(/usr/share/texlive/texmf-dist/tex/latex/glossaries/styles/glossary-tree.sty
Package: glossary-tree 2013/11/14 v4.0 (NLCT)
\glstreeindent=\skip69
))
\@losfile=\write4
\openout4 = `thesis.syx'.


Writing index of symbols file thesis.syx
\@labfile=\write5
\openout5 = `thesis.abx'.

Writing index of abbreviations file thesis.abx
(./thesis.aux)
\openout1 = `thesis.aux'.

LaTeX Font Info:    Checking defaults for OML/cmm/m/it on input line 18.
LaTeX Font Info:    ... okay on input line 18.
LaTeX Font Info:    Checking defaults for T1/cmr/m/n on input line 18.
LaTeX Font Info:    ... okay on input line 18.
LaTeX Font Info:    Checking defaults for OT1/cmr/m/n on input line 18.
LaTeX Font Info:    ... okay on input line 18.
LaTeX Font Info:    Checking defaults for OMS/cmsy/m/n on input line 18.
LaTeX Font Info:    ... okay on input line 18.
LaTeX Font Info:    Checking defaults for OMX/cmex/m/n on input line 18.
LaTeX Font Info:    ... okay on input line 18.
LaTeX Font Info:    Checking defaults for U/cmr/m/n on input line 18.
LaTeX Font Info:    ... okay on input line 18.
LaTeX Font Info:    Checking defaults for PD1/pdf/m/n on input line 18.
LaTeX Font Info:    ... okay on input line 18.
Package lastpage Info: Please have a look at the pageslts package at
(lastpage)             http://www.ctan.org/tex-archive/ 
(lastpage)             macros/latex/contrib/pageslts/ 
(lastpage)             or
(lastpage)             http://www.ctan.org/tex-archive/ 
(lastpage)             install/macros/latex/contrib/pageslts.tds.zip
(lastpage)             ! on input line 18.
 (/usr/share/texlive/texmf-dist/tex/context/base/supp-pdf.mkii
[Loading MPS to PDF converter (version 2006.09.02).]
\scratchcounter=\count161
\scratchdimen=\dimen155
\scratchbox=\box37
\nofMPsegments=\count162
\nofMParguments=\count163
\everyMPshowfont=\toks38
\MPscratchCnt=\count164
\MPscratchDim=\dimen156
\MPnumerator=\count165
\makeMPintoPDFobject=\count166
\everyMPtoPDFconversion=\toks39
) (/usr/share/texlive/texmf-dist/tex/latex/oberdiek/epstopdf-base.sty
Package: epstopdf-base 2010/02/09 v2.5 Base part for package epstopdf

(/usr/share/texlive/texmf-dist/tex/latex/oberdiek/grfext.sty
Package: grfext 2010/08/19 v1.1 Manage graphics extensions (HO)
)
Package grfext Info: Graphics extension search list:
(grfext)             [.png,.pdf,.jpg,.mps,.jpeg,.jbig2,.jb2,.PNG,.PDF,.JPG,.JPE
G,.JBIG2,.JB2,.eps]
(grfext)             \AppendGraphicsExtensions on input line 452.

(/usr/share/texlive/texmf-dist/tex/latex/latexconfig/epstopdf-sys.cfg
File: epstopdf-sys.cfg 2010/07/13 v1.3 Configuration of (r)epstopdf for TeX Liv
e
))
*geometry* driver: auto-detecting
*geometry* detected driver: pdftex
*geometry* verbose mode - [ preamble ] result:
* driver: pdftex
* paper: a4paper
* layout: <same size as paper>
* layoutoffset:(h,v)=(0.0pt,0.0pt)
* vratio: 1:1
* modes: 
* h-part:(L,W,R)=(85.35826pt, 426.79135pt, 85.35826pt)
* v-part:(T,H,B)=(71.13188pt, 702.78308pt, 71.13188pt)
* \paperwidth=597.50787pt
* \paperheight=845.04684pt
* \textwidth=426.79135pt
* \textheight=702.78308pt
* \oddsidemargin=13.08827pt
* \evensidemargin=13.08827pt
* \topmargin=-33.0119pt
* \headheight=12.0pt
* \headsep=19.8738pt
* \topskip=12.0pt
* \footskip=30.0pt
* \marginparwidth=38.0pt
* \marginparsep=7.0pt
* \columnsep=10.0pt
* \skip\footins=10.8pt plus 4.0pt minus 2.0pt
* \hoffset=0.0pt
* \voffset=0.0pt
* \mag=1000
* \@twocolumnfalse
* \@twosidefalse
* \@mparswitchfalse
* \@reversemarginfalse
* (1in=72.27pt=25.4mm, 1cm=28.453pt)

\AtBeginShipoutBox=\box38
Package hyperref Info: Link coloring OFF on input line 18.
(/usr/share/texlive/texmf-dist/tex/latex/hyperref/nameref.sty
Package: nameref 2012/10/27 v2.43 Cross-referencing by name of section

(/usr/share/texlive/texmf-dist/tex/generic/oberdiek/gettitlestring.sty
Package: gettitlestring 2010/12/03 v1.4 Cleanup title references (HO)
)
\c@section@level=\count167
)
LaTeX Info: Redefining \ref on input line 18.
LaTeX Info: Redefining \pageref on input line 18.
LaTeX Info: Redefining \nameref on input line 18.

(./thesis.out) (./thesis.out)
\@outlinefile=\write6
\openout6 = `thesis.out'.

Package caption Info: Begin \AtBeginDocument code.
Package caption Info: longtable package is loaded.

(/usr/share/texlive/texmf-dist/tex/latex/caption/ltcaption.sty
Package: ltcaption 2013/02/03 v1.3-62 longtable captions (AR)
)
Package caption Info: supertabular package is loaded.
Package caption Info: End \AtBeginDocument code.

(/usr/share/texlive/texmf-dist/tex/latex/glossaries/dict/glossaries-dictionary-
English.dict
Dictionary: glossaries-dictionary, Language: English 
)
Package hyperref Info: Option `breaklinks' set `true' on input line 41.
Package hyperref Info: Option `raiselinks' set `true' on input line 41.
Package hyperref Info: Option `pageanchor' set `true' on input line 41.
 <coppe-logo.pdf, id=136, 177.463pt x 76.285pt>
File: coppe-logo.pdf Graphic file (type pdf)

<use coppe-logo.pdf>
Package pdftex.def Info: coppe-logo.pdf used on input line 41.
(pdftex.def)             Requested size: 177.46255pt x 76.2848pt.

Underfull \hbox (badness 7740) in paragraph at lines 41--41
[]\OT1/cmr/m/n/12 Disserta^^Xc~ao de Mestrado apresentada ao
 []


Underfull \hbox (badness 3668) in paragraph at lines 41--41
\OT1/cmr/m/n/12 de Sistemas e Computa^^Xc~ao, COPPE, da
 []

LaTeX Font Info:    Try loading font information for U+msa on input line 41.
(/usr/share/texlive/texmf-dist/tex/latex/amsfonts/umsa.fd
File: umsa.fd 2013/01/14 v3.01 AMS symbols A
)
LaTeX Font Info:    Try loading font information for U+msb on input line 41.

(/usr/share/texlive/texmf-dist/tex/latex/amsfonts/umsb.fd
File: umsb.fd 2013/01/14 v3.01 AMS symbols B
) [1


{/var/lib/texmf/fonts/map/pdftex/updmap/pdftex.map} <./coppe-logo.pdf>]
Underfull \hbox (badness 3884) in paragraph at lines 42--42
\OT1/cmr/m/n/12 DISSERTA[][]AO SUB-METIDA []AO CORPO DOCENTE DO INSTITUTO
 []


Underfull \hbox (badness 3884) in paragraph at lines 42--42
\OT1/cmr/m/n/12 ALBERTO LUIZ COIMBRA DE P[]OS-GRADUA[][]AO E PESQUISA DE
 []


Underfull \hbox (badness 2884) in paragraph at lines 42--42
\OT1/cmr/m/n/12 ENGENHARIA (COPPE) DA UNIVERSIDADE FEDERAL DO RIO DE
 []


Underfull \hbox (badness 3386) in paragraph at lines 42--42
\OT1/cmr/m/n/12 JANEIRO COMO PARTE DOS REQUISITOS NECESS[]ARIOS PARA A
 []

[2

]
Underfull \hbox (badness 10000) in paragraph at lines 42--42
[]\OT1/cmr/m/n/12 Event Detection and Localization in Computer
 []


Underfull \hbox (badness 10000) in paragraph at lines 42--42
\OT1/cmr/m/n/12 Networks Using End-to-End Measurements/Diego
 []

[3

] (./src/resumo.tex) [4

] (./src/abstract.tex) [5

] (./thesis.toc [6

])
\tf@toc=\write7
\openout7 = `thesis.toc'.

 [7]
(./thesis.lof)
\tf@lof=\write8
\openout8 = `thesis.lof'.

 [8

] (./thesis.lot)
\tf@lot=\write9
\openout9 = `thesis.lot'.


No file thesis.los.
No file thesis.lab.
[9

] (./src/introduction.tex
Chapter 1.
LaTeX Font Info:    Try loading font information for OMS+cmr on input line 39.
(/usr/share/texlive/texmf-dist/tex/latex/base/omscmr.fd
File: omscmr.fd 1999/05/25 v2.5h Standard LaTeX font definitions
)
LaTeX Font Info:    Font shape `OMS/cmr/m/n' in size <12> not available
(Font)              Font shape `OMS/cmsy/m/n' tried instead on input line 39.
 [1


])
(./src/literature_review.tex [2]
Chapter 2.

<./figures/literature_review/argus_pipeline.png, id=297, 850.67813pt x 393.7209
3pt>
File: ./figures/literature_review/argus_pipeline.png Graphic file (type png)
 <use ./figures/literature_review/argus_pipeline.png>
Package pdftex.def Info: ./figures/literature_review/argus_pipeline.png used on
 input line 26.
(pdftex.def)             Requested size: 341.43437pt x 158.02628pt.

<./figures/literature_review/argus_spatial_aggregation.png, id=301, 749.80125pt
 x 392.96812pt>
File: ./figures/literature_review/argus_spatial_aggregation.png Graphic file (t
ype png)

<use ./figures/literature_review/argus_spatial_aggregation.png>
Package pdftex.def Info: ./figures/literature_review/argus_spatial_aggregation.
png used on input line 43.
(pdftex.def)             Requested size: 341.43437pt x 178.94467pt.
 [3

 <./figures/literature_review/argus_pipeline.png>] [4 <./figures/literature_rev
iew/argus_spatial_aggregation.png>]
<./figures/literature_review/netnorad_network_architecture.jpg, id=317, 554.07p
t x 430.60875pt>
File: ./figures/literature_review/netnorad_network_architecture.jpg Graphic fil
e (type jpg)

<use ./figures/literature_review/netnorad_network_architecture.jpg>
Package pdftex.def Info: ./figures/literature_review/netnorad_network_architect
ure.jpg used on input line 114.
(pdftex.def)             Requested size: 298.75264pt x 232.18358pt.
 [5 <./figures/literature_review/netnorad_network_architecture.jpg>] [6])
(./src/change_point_detection.tex [7]
Chapter 3.
[8

] [9]
<./figures/change_point_detection/preprocessing/median_filter_latency/serverAMR
DTCPEV01_mac64:66:B3:4F:EC:6C_dtstart2016-07-01_dtend2016-07-11.png, id=355, 11
56.32pt x 867.24pt>
File: ./figures/change_point_detection/preprocessing/median_filter_latency/serv
erAMRDTCPEV01_mac64:66:B3:4F:EC:6C_dtstart2016-07-01_dtend2016-07-11.png Graphi
c file (type png)

<use ./figures/change_point_detection/preprocessing/median_filter_latency/serve
rAMRDTCPEV01_mac64:66:B3:4F:EC:6C_dtstart2016-07-01_dtend2016-07-11.png>
Package pdftex.def Info: ./figures/change_point_detection/preprocessing/median_
filter_latency/serverAMRDTCPEV01_mac64:66:B3:4F:EC:6C_dtstart2016-07-01_dtend20
16-07-11.png used on input line 116.
(pdftex.def)             Requested size: 256.07741pt x 192.05052pt.

<./figures/change_point_detection/preprocessing/median_filter_latency/serverAMR
DTCPEV01_mac64:66:B3:4F:FD:B6_dtstart2016-07-01_dtend2016-07-11.png, id=357, 11
56.32pt x 867.24pt>
File: ./figures/change_point_detection/preprocessing/median_filter_latency/serv
erAMRDTCPEV01_mac64:66:B3:4F:FD:B6_dtstart2016-07-01_dtend2016-07-11.png Graphi
c file (type png)

<use ./figures/change_point_detection/preprocessing/median_filter_latency/serve
rAMRDTCPEV01_mac64:66:B3:4F:FD:B6_dtstart2016-07-01_dtend2016-07-11.png>
Package pdftex.def Info: ./figures/change_point_detection/preprocessing/median_
filter_latency/serverAMRDTCPEV01_mac64:66:B3:4F:FD:B6_dtstart2016-07-01_dtend20
16-07-11.png used on input line 116.
(pdftex.def)             Requested size: 256.07741pt x 192.05052pt.

<./figures/change_point_detection/preprocessing/median_filter_loss/serverAMRDTC
PEV01_mac64:66:B3:4F:EB:D6_dtstart2016-07-01_dtend2016-07-11.png, id=358, 1156.
32pt x 867.24pt>
File: ./figures/change_point_detection/preprocessing/median_filter_loss/serverA
MRDTCPEV01_mac64:66:B3:4F:EB:D6_dtstart2016-07-01_dtend2016-07-11.png Graphic f
ile (type png)

<use ./figures/change_point_detection/preprocessing/median_filter_loss/serverAM
RDTCPEV01_mac64:66:B3:4F:EB:D6_dtstart2016-07-01_dtend2016-07-11.png>
Package pdftex.def Info: ./figures/change_point_detection/preprocessing/median_
filter_loss/serverAMRDTCPEV01_mac64:66:B3:4F:EB:D6_dtstart2016-07-01_dtend2016-
07-11.png used on input line 132.
(pdftex.def)             Requested size: 256.07741pt x 192.05052pt.

<./figures/change_point_detection/preprocessing/median_filter_loss/serverAMRDTC
PEV01_mac64:66:B3:4F:FE:D4_dtstart2016-07-01_dtend2016-07-11.png, id=359, 1156.
32pt x 867.24pt>
File: ./figures/change_point_detection/preprocessing/median_filter_loss/serverA
MRDTCPEV01_mac64:66:B3:4F:FE:D4_dtstart2016-07-01_dtend2016-07-11.png Graphic f
ile (type png)

<use ./figures/change_point_detection/preprocessing/median_filter_loss/serverAM
RDTCPEV01_mac64:66:B3:4F:FE:D4_dtstart2016-07-01_dtend2016-07-11.png>
Package pdftex.def Info: ./figures/change_point_detection/preprocessing/median_
filter_loss/serverAMRDTCPEV01_mac64:66:B3:4F:FE:D4_dtstart2016-07-01_dtend2016-
07-11.png used on input line 132.
(pdftex.def)             Requested size: 256.07741pt x 192.05052pt.
 [10 <./figures/change_point_detection/preprocessing/median_filter_latency/serv
erAMRDTCPEV01_mac64:66:B3:4F:EC:6C_dtstart2016-07-01_dtend2016-07-11.png> <./fi
gures/change_point_detection/preprocessing/median_filter_latency/serverAMRDTCPE
V01_mac64:66:B3:4F:FD:B6_dtstart2016-07-01_dtend2016-07-11.png>]
Package hyperref Info: bookmark level for unknown algorithm defaults to 0 on in
put line 150.
 [11 <./figures/change_point_detection/preprocessing/median_filter_loss/serverA
MRDTCPEV01_mac64:66:B3:4F:EB:D6_dtstart2016-07-01_dtend2016-07-11.png> <./figur
es/change_point_detection/preprocessing/median_filter_loss/serverAMRDTCPEV01_ma
c64:66:B3:4F:FE:D4_dtstart2016-07-01_dtend2016-07-11.png>]
<./figures/change_point_detection/sliding_windows_online/id100_serverNHODTCSRV0
4_mac64:66:B3:A6:B3:22_dtstart2016-07-01_dtend2016-07-11.png, id=385, 1156.32pt
 x 867.24pt>
File: ./figures/change_point_detection/sliding_windows_online/id100_serverNHODT
CSRV04_mac64:66:B3:A6:B3:22_dtstart2016-07-01_dtend2016-07-11.png Graphic file 
(type png)

<use ./figures/change_point_detection/sliding_windows_online/id100_serverNHODTC
SRV04_mac64:66:B3:A6:B3:22_dtstart2016-07-01_dtend2016-07-11.png>
Package pdftex.def Info: ./figures/change_point_detection/sliding_windows_onlin
e/id100_serverNHODTCSRV04_mac64:66:B3:A6:B3:22_dtstart2016-07-01_dtend2016-07-1
1.png used on input line 184.
(pdftex.def)             Requested size: 298.75264pt x 224.06116pt.

<./figures/change_point_detection/sliding_windows_offline/id100_serverNHODTCSRV
04_mac64:66:B3:A6:B3:22_dtstart2016-07-01_dtend2016-07-11.png, id=387, 1156.32p
t x 867.24pt>
File: ./figures/change_point_detection/sliding_windows_offline/id100_serverNHOD
TCSRV04_mac64:66:B3:A6:B3:22_dtstart2016-07-01_dtend2016-07-11.png Graphic file
 (type png)

<use ./figures/change_point_detection/sliding_windows_offline/id100_serverNHODT
CSRV04_mac64:66:B3:A6:B3:22_dtstart2016-07-01_dtend2016-07-11.png>
Package pdftex.def Info: ./figures/change_point_detection/sliding_windows_offli
ne/id100_serverNHODTCSRV04_mac64:66:B3:A6:B3:22_dtstart2016-07-01_dtend2016-07-
11.png used on input line 200.
(pdftex.def)             Requested size: 298.75264pt x 224.06116pt.
 [12 <./figures/change_point_detection/sliding_windows_online/id100_serverNHODT
CSRV04_mac64:66:B3:A6:B3:22_dtstart2016-07-01_dtend2016-07-11.png> <./figures/c
hange_point_detection/sliding_windows_offline/id100_serverNHODTCSRV04_mac64:66:
B3:A6:B3:22_dtstart2016-07-01_dtend2016-07-11.png>] [13]
<./figures/change_point_detection/seg_neigh/id7_serverRIBDTCSRV03_mac64:66:B3:A
6:BB:10_dtstart2016-07-01_dtend2016-07-11.png, id=410, 1156.32pt x 1084.05pt>
File: ./figures/change_point_detection/seg_neigh/id7_serverRIBDTCSRV03_mac64:66
:B3:A6:BB:10_dtstart2016-07-01_dtend2016-07-11.png Graphic file (type png)

<use ./figures/change_point_detection/seg_neigh/id7_serverRIBDTCSRV03_mac64:66:
B3:A6:BB:10_dtstart2016-07-01_dtend2016-07-11.png>
Package pdftex.def Info: ./figures/change_point_detection/seg_neigh/id7_serverR
IBDTCSRV03_mac64:66:B3:A6:BB:10_dtstart2016-07-01_dtend2016-07-11.png used on i
nput line 285.
(pdftex.def)             Requested size: 213.39568pt x 200.04987pt.

<./figures/change_point_detection/seg_neigh/id158_serverSOCDTCPEV01_mac64:66:B3
:A6:B9:D2_dtstart2016-07-01_dtend2016-07-11.png, id=411, 1156.32pt x 1084.05pt>
File: ./figures/change_point_detection/seg_neigh/id158_serverSOCDTCPEV01_mac64:
66:B3:A6:B9:D2_dtstart2016-07-01_dtend2016-07-11.png Graphic file (type png)

<use ./figures/change_point_detection/seg_neigh/id158_serverSOCDTCPEV01_mac64:6
6:B3:A6:B9:D2_dtstart2016-07-01_dtend2016-07-11.png>
Package pdftex.def Info: ./figures/change_point_detection/seg_neigh/id158_serve
rSOCDTCPEV01_mac64:66:B3:A6:B9:D2_dtstart2016-07-01_dtend2016-07-11.png used on
 input line 285.
(pdftex.def)             Requested size: 213.39568pt x 200.04987pt.
 [14 <./figures/change_point_detection/seg_neigh/id7_serverRIBDTCSRV03_mac64:66
:B3:A6:BB:10_dtstart2016-07-01_dtend2016-07-11.png> <./figures/change_point_det
ection/seg_neigh/id158_serverSOCDTCPEV01_mac64:66:B3:A6:B9:D2_dtstart2016-07-01
_dtend2016-07-11.png>]
<./figures/change_point_detection/gaussian_hmm/id115_serverRJODTCLDM031_mac64:6
6:B3:7B:A1:B8_dtstart2016-05-01_dtend2016-05-11.png, id=426, 1156.32pt x 867.24
pt>
File: ./figures/change_point_detection/gaussian_hmm/id115_serverRJODTCLDM031_ma
c64:66:B3:7B:A1:B8_dtstart2016-05-01_dtend2016-05-11.png Graphic file (type png
)

<use ./figures/change_point_detection/gaussian_hmm/id115_serverRJODTCLDM031_mac
64:66:B3:7B:A1:B8_dtstart2016-05-01_dtend2016-05-11.png>
Package pdftex.def Info: ./figures/change_point_detection/gaussian_hmm/id115_se
rverRJODTCLDM031_mac64:66:B3:7B:A1:B8_dtstart2016-05-01_dtend2016-05-11.png use
d on input line 341.
(pdftex.def)             Requested size: 341.43437pt x 256.07178pt.
 [15 <./figures/change_point_detection/gaussian_hmm/id115_serverRJODTCLDM031_ma
c64:66:B3:7B:A1:B8_dtstart2016-05-01_dtend2016-05-11.png>]
<./figures/change_point_detection/bayesian_offline/id305_serverSNEDTCPROB01_mac
64:66:B3:A6:BB:80_dtstart2016-07-01_dtend2016-07-11.png, id=435, 1156.32pt x 86
7.24pt>
File: ./figures/change_point_detection/bayesian_offline/id305_serverSNEDTCPROB0
1_mac64:66:B3:A6:BB:80_dtstart2016-07-01_dtend2016-07-11.png Graphic file (type
 png)

<use ./figures/change_point_detection/bayesian_offline/id305_serverSNEDTCPROB01
_mac64:66:B3:A6:BB:80_dtstart2016-07-01_dtend2016-07-11.png>
Package pdftex.def Info: ./figures/change_point_detection/bayesian_offline/id30
5_serverSNEDTCPROB01_mac64:66:B3:A6:BB:80_dtstart2016-07-01_dtend2016-07-11.png
 used on input line 390.
(pdftex.def)             Requested size: 256.07741pt x 192.05052pt.

<./figures/change_point_detection/bayesian_online/id305_serverSNEDTCPROB01_mac6
4:66:B3:A6:BB:80_dtstart2016-07-01_dtend2016-07-11.png, id=436, 1156.32pt x 867
.24pt>
File: ./figures/change_point_detection/bayesian_online/id305_serverSNEDTCPROB01
_mac64:66:B3:A6:BB:80_dtstart2016-07-01_dtend2016-07-11.png Graphic file (type 
png)

<use ./figures/change_point_detection/bayesian_online/id305_serverSNEDTCPROB01_
mac64:66:B3:A6:BB:80_dtstart2016-07-01_dtend2016-07-11.png>
Package pdftex.def Info: ./figures/change_point_detection/bayesian_online/id305
_serverSNEDTCPROB01_mac64:66:B3:A6:BB:80_dtstart2016-07-01_dtend2016-07-11.png 
used on input line 390.
(pdftex.def)             Requested size: 256.07741pt x 192.05052pt.
 [16 <./figures/change_point_detection/bayesian_offline/id305_serverSNEDTCPROB0
1_mac64:66:B3:A6:BB:80_dtstart2016-07-01_dtend2016-07-11.png> <./figures/change
_point_detection/bayesian_online/id305_serverSNEDTCPROB01_mac64:66:B3:A6:BB:80_
dtstart2016-07-01_dtend2016-07-11.png>]

LaTeX Warning: Reference `' on page 17 undefined on input line 405.

) (./src/methodology.tex [17]
Chapter 4.
[18

]
<./figures/methodology/pipeline/pipeline.png, id=458, 785.93625pt x 178.6675pt>
File: ./figures/methodology/pipeline/pipeline.png Graphic file (type png)
<use ./figures/methodology/pipeline/pipeline.png>
Package pdftex.def Info: ./figures/methodology/pipeline/pipeline.png used on in
put line 60.
(pdftex.def)             Requested size: 384.1096pt x 87.32155pt.
 [19 <./figures/methodology/pipeline/pipeline.png>] [20]
<./figures/methodology/spatial_correlation/dtstart2016-05-01_dtend2016-05-11_NR
IDTCLDM031_graph_anonymized.png, id=477, 326.21875pt x 348.30125pt>
File: ./figures/methodology/spatial_correlation/dtstart2016-05-01_dtend2016-05-
11_NRIDTCLDM031_graph_anonymized.png Graphic file (type png)

<use ./figures/methodology/spatial_correlation/dtstart2016-05-01_dtend2016-05-1
1_NRIDTCLDM031_graph_anonymized.png>
Package pdftex.def Info: ./figures/methodology/spatial_correlation/dtstart2016-
05-01_dtend2016-05-11_NRIDTCLDM031_graph_anonymized.png used on input line 200.

(pdftex.def)             Requested size: 149.37958pt x 159.49773pt.
 [21] [22 <./figures/methodology/spatial_correlation/dtstart2016-05-01_dtend201
6-05-11_NRIDTCLDM031_graph_anonymized.png>] [23] [24]
<./figures/methodology/spatial_time_correlation/event_tree_graph_1.png, id=503,
 179.67125pt x 348.30125pt>
File: ./figures/methodology/spatial_time_correlation/event_tree_graph_1.png Gra
phic file (type png)

<use ./figures/methodology/spatial_time_correlation/event_tree_graph_1.png>
Package pdftex.def Info: ./figures/methodology/spatial_time_correlation/event_t
ree_graph_1.png used on input line 397.
(pdftex.def)             Requested size: 85.35696pt x 165.47137pt.

<./figures/methodology/spatial_time_correlation/event_tree_graph_2.png, id=504,
 179.67125pt x 348.30125pt>
File: ./figures/methodology/spatial_time_correlation/event_tree_graph_2.png Gra
phic file (type png)

<use ./figures/methodology/spatial_time_correlation/event_tree_graph_2.png>
Package pdftex.def Info: ./figures/methodology/spatial_time_correlation/event_t
ree_graph_2.png used on input line 397.
(pdftex.def)             Requested size: 85.35696pt x 165.47137pt.

<./figures/methodology/spatial_time_correlation/event_tree_graph_3.png, id=505,
 276.03125pt x 348.30125pt>
File: ./figures/methodology/spatial_time_correlation/event_tree_graph_3.png Gra
phic file (type png)

<use ./figures/methodology/spatial_time_correlation/event_tree_graph_3.png>
Package pdftex.def Info: ./figures/methodology/spatial_time_correlation/event_t
ree_graph_3.png used on input line 397.
(pdftex.def)             Requested size: 128.0387pt x 161.56512pt.

<./figures/methodology/spatial_time_correlation/event_tree_graph_4.png, id=506,
 276.03125pt x 348.30125pt>
File: ./figures/methodology/spatial_time_correlation/event_tree_graph_4.png Gra
phic file (type png)

<use ./figures/methodology/spatial_time_correlation/event_tree_graph_4.png>
Package pdftex.def Info: ./figures/methodology/spatial_time_correlation/event_t
ree_graph_4.png used on input line 397.
(pdftex.def)             Requested size: 128.0387pt x 161.56512pt.

[25 <./figures/methodology/spatial_time_correlation/event_tree_graph_1.png> <./
figures/methodology/spatial_time_correlation/event_tree_graph_2.png> <./figures
/methodology/spatial_time_correlation/event_tree_graph_3.png> <./figures/method
ology/spatial_time_correlation/event_tree_graph_4.png>]
<./figures/methodology/spatial_time_correlation/event_tree_graph_5.png, id=520,
 276.03125pt x 348.30125pt>
File: ./figures/methodology/spatial_time_correlation/event_tree_graph_5.png Gra
phic file (type png)

<use ./figures/methodology/spatial_time_correlation/event_tree_graph_5.png>
Package pdftex.def Info: ./figures/methodology/spatial_time_correlation/event_t
ree_graph_5.png used on input line 442.
(pdftex.def)             Requested size: 149.37958pt x 188.49973pt.

[26 <./figures/methodology/spatial_time_correlation/event_tree_graph_5.png>]
[27]
<./figures/methodology/supervised_learning_try/survey_system.png, id=541, 1396.
21625pt x 804.00375pt>
File: ./figures/methodology/supervised_learning_try/survey_system.png Graphic f
ile (type png)

<use ./figures/methodology/supervised_learning_try/survey_system.png>
Package pdftex.def Info: ./figures/methodology/supervised_learning_try/survey_s
ystem.png used on input line 544.
(pdftex.def)             Requested size: 384.1096pt x 221.18146pt.

<./figures/methodology/supervised_learning_try/cnt_classifications_per_vote.png
, id=544, 1156.32pt x 794.97pt>
File: ./figures/methodology/supervised_learning_try/cnt_classifications_per_vot
e.png Graphic file (type png)

<use ./figures/methodology/supervised_learning_try/cnt_classifications_per_vote
.png>
Package pdftex.def Info: ./figures/methodology/supervised_learning_try/cnt_clas
sifications_per_vote.png used on input line 565.
(pdftex.def)             Requested size: 298.75264pt x 205.38939pt.
 [28 <./figures/methodology/supervised_learning_try/survey_system.png>]
<./figures/methodology/supervised_learning_try/cnt6_serverNHODTCSRV04_mac64:66:
B3:A6:BC:B8_dtstart2016-05-01_dtend2016-05-11/rosam@land.ufrj.br.png, id=552, 1
228.59pt x 867.24pt>
File: ./figures/methodology/supervised_learning_try/cnt6_serverNHODTCSRV04_mac6
4:66:B3:A6:BC:B8_dtstart2016-05-01_dtend2016-05-11/rosam@land.ufrj.br.png Graph
ic file (type png)

<use ./figures/methodology/supervised_learning_try/cnt6_serverNHODTCSRV04_mac64
:66:B3:A6:BC:B8_dtstart2016-05-01_dtend2016-05-11/rosam@land.ufrj.br.png>
Package pdftex.def Info: ./figures/methodology/supervised_learning_try/cnt6_ser
verNHODTCSRV04_mac64:66:B3:A6:BC:B8_dtstart2016-05-01_dtend2016-05-11/rosam@lan
d.ufrj.br.png used on input line 589.
(pdftex.def)             Requested size: 234.73654pt x 165.69038pt.

<./figures/methodology/supervised_learning_try/cnt6_serverNHODTCSRV04_mac64:66:
B3:A6:BC:B8_dtstart2016-05-01_dtend2016-05-11/gustavo.santos@tgr.net.br.png, id
=553, 1228.59pt x 867.24pt>
File: ./figures/methodology/supervised_learning_try/cnt6_serverNHODTCSRV04_mac6
4:66:B3:A6:BC:B8_dtstart2016-05-01_dtend2016-05-11/gustavo.santos@tgr.net.br.pn
g Graphic file (type png)

<use ./figures/methodology/supervised_learning_try/cnt6_serverNHODTCSRV04_mac64
:66:B3:A6:BC:B8_dtstart2016-05-01_dtend2016-05-11/gustavo.santos@tgr.net.br.png
>
Package pdftex.def Info: ./figures/methodology/supervised_learning_try/cnt6_ser
verNHODTCSRV04_mac64:66:B3:A6:BC:B8_dtstart2016-05-01_dtend2016-05-11/gustavo.s
antos@tgr.net.br.png used on input line 589.
(pdftex.def)             Requested size: 234.73654pt x 165.69038pt.

<./figures/methodology/supervised_learning_try/cnt6_serverNHODTCSRV04_mac64:66:
B3:A6:BC:B8_dtstart2016-05-01_dtend2016-05-11/guisenges@land.ufrj.br.png, id=55
4, 1228.59pt x 867.24pt>
File: ./figures/methodology/supervised_learning_try/cnt6_serverNHODTCSRV04_mac6
4:66:B3:A6:BC:B8_dtstart2016-05-01_dtend2016-05-11/guisenges@land.ufrj.br.png G
raphic file (type png)

<use ./figures/methodology/supervised_learning_try/cnt6_serverNHODTCSRV04_mac64
:66:B3:A6:BC:B8_dtstart2016-05-01_dtend2016-05-11/guisenges@land.ufrj.br.png>
Package pdftex.def Info: ./figures/methodology/supervised_learning_try/cnt6_ser
verNHODTCSRV04_mac64:66:B3:A6:BC:B8_dtstart2016-05-01_dtend2016-05-11/guisenges
@land.ufrj.br.png used on input line 599.
(pdftex.def)             Requested size: 234.73654pt x 165.69038pt.

<./figures/methodology/supervised_learning_try/cnt6_serverNHODTCSRV04_mac64:66:
B3:A6:BC:B8_dtstart2016-05-01_dtend2016-05-11/gabriel.mendonca@tgr.net.br.png, 
id=555, 1228.59pt x 867.24pt>
File: ./figures/methodology/supervised_learning_try/cnt6_serverNHODTCSRV04_mac6
4:66:B3:A6:BC:B8_dtstart2016-05-01_dtend2016-05-11/gabriel.mendonca@tgr.net.br.
png Graphic file (type png)

<use ./figures/methodology/supervised_learning_try/cnt6_serverNHODTCSRV04_mac64
:66:B3:A6:BC:B8_dtstart2016-05-01_dtend2016-05-11/gabriel.mendonca@tgr.net.br.p
ng>
Package pdftex.def Info: ./figures/methodology/supervised_learning_try/cnt6_ser
verNHODTCSRV04_mac64:66:B3:A6:BC:B8_dtstart2016-05-01_dtend2016-05-11/gabriel.m
endonca@tgr.net.br.png used on input line 599.
(pdftex.def)             Requested size: 234.73654pt x 165.69038pt.

<./figures/methodology/supervised_learning_try/cnt6_serverNHODTCSRV04_mac64:66:
B3:A6:BC:B8_dtstart2016-05-01_dtend2016-05-11/edmundosilva@gmail.com.png, id=55
6, 1228.59pt x 867.24pt>
File: ./figures/methodology/supervised_learning_try/cnt6_serverNHODTCSRV04_mac6
4:66:B3:A6:BC:B8_dtstart2016-05-01_dtend2016-05-11/edmundosilva@gmail.com.png G
raphic file (type png)

<use ./figures/methodology/supervised_learning_try/cnt6_serverNHODTCSRV04_mac64
:66:B3:A6:BC:B8_dtstart2016-05-01_dtend2016-05-11/edmundosilva@gmail.com.png>
Package pdftex.def Info: ./figures/methodology/supervised_learning_try/cnt6_ser
verNHODTCSRV04_mac64:66:B3:A6:BC:B8_dtstart2016-05-01_dtend2016-05-11/edmundosi
lva@gmail.com.png used on input line 609.
(pdftex.def)             Requested size: 234.73654pt x 165.69038pt.

<./figures/methodology/supervised_learning_try/cnt6_serverNHODTCSRV04_mac64:66:
B3:A6:BC:B8_dtstart2016-05-01_dtend2016-05-11/edmundo@land.ufrj.br.png, id=557,
 1228.59pt x 867.24pt>
File: ./figures/methodology/supervised_learning_try/cnt6_serverNHODTCSRV04_mac6
4:66:B3:A6:BC:B8_dtstart2016-05-01_dtend2016-05-11/edmundo@land.ufrj.br.png Gra
phic file (type png)

<use ./figures/methodology/supervised_learning_try/cnt6_serverNHODTCSRV04_mac64
:66:B3:A6:BC:B8_dtstart2016-05-01_dtend2016-05-11/edmundo@land.ufrj.br.png>
Package pdftex.def Info: ./figures/methodology/supervised_learning_try/cnt6_ser
verNHODTCSRV04_mac64:66:B3:A6:BC:B8_dtstart2016-05-01_dtend2016-05-11/edmundo@l
and.ufrj.br.png used on input line 609.
(pdftex.def)             Requested size: 234.73654pt x 165.69038pt.

[29 <./figures/methodology/supervised_learning_try/cnt_classifications_per_vote
.png>]
<./figures/methodology/supervised_learning_try/cnt6_serverCTBDTCLDM91_mac64:66:
B3:A6:B7:BC_dtstart2016-05-01_dtend2016-05-11/rosam@land.ufrj.br.png, id=564, 1
228.59pt x 867.24pt>
File: ./figures/methodology/supervised_learning_try/cnt6_serverCTBDTCLDM91_mac6
4:66:B3:A6:B7:BC_dtstart2016-05-01_dtend2016-05-11/rosam@land.ufrj.br.png Graph
ic file (type png)

<use ./figures/methodology/supervised_learning_try/cnt6_serverCTBDTCLDM91_mac64
:66:B3:A6:B7:BC_dtstart2016-05-01_dtend2016-05-11/rosam@land.ufrj.br.png>
Package pdftex.def Info: ./figures/methodology/supervised_learning_try/cnt6_ser
verCTBDTCLDM91_mac64:66:B3:A6:B7:BC_dtstart2016-05-01_dtend2016-05-11/rosam@lan
d.ufrj.br.png used on input line 630.
(pdftex.def)             Requested size: 234.73654pt x 165.69038pt.

<./figures/methodology/supervised_learning_try/cnt6_serverCTBDTCLDM91_mac64:66:
B3:A6:B7:BC_dtstart2016-05-01_dtend2016-05-11/gustavo.santos@tgr.net.br.png, id
=565, 1228.59pt x 867.24pt>
File: ./figures/methodology/supervised_learning_try/cnt6_serverCTBDTCLDM91_mac6
4:66:B3:A6:B7:BC_dtstart2016-05-01_dtend2016-05-11/gustavo.santos@tgr.net.br.pn
g Graphic file (type png)

<use ./figures/methodology/supervised_learning_try/cnt6_serverCTBDTCLDM91_mac64
:66:B3:A6:B7:BC_dtstart2016-05-01_dtend2016-05-11/gustavo.santos@tgr.net.br.png
>
Package pdftex.def Info: ./figures/methodology/supervised_learning_try/cnt6_ser
verCTBDTCLDM91_mac64:66:B3:A6:B7:BC_dtstart2016-05-01_dtend2016-05-11/gustavo.s
antos@tgr.net.br.png used on input line 630.
(pdftex.def)             Requested size: 234.73654pt x 165.69038pt.

<./figures/methodology/supervised_learning_try/cnt6_serverCTBDTCLDM91_mac64:66:
B3:A6:B7:BC_dtstart2016-05-01_dtend2016-05-11/guisenges@land.ufrj.br.png, id=56
6, 1228.59pt x 867.24pt>
File: ./figures/methodology/supervised_learning_try/cnt6_serverCTBDTCLDM91_mac6
4:66:B3:A6:B7:BC_dtstart2016-05-01_dtend2016-05-11/guisenges@land.ufrj.br.png G
raphic file (type png)

<use ./figures/methodology/supervised_learning_try/cnt6_serverCTBDTCLDM91_mac64
:66:B3:A6:B7:BC_dtstart2016-05-01_dtend2016-05-11/guisenges@land.ufrj.br.png>
Package pdftex.def Info: ./figures/methodology/supervised_learning_try/cnt6_ser
verCTBDTCLDM91_mac64:66:B3:A6:B7:BC_dtstart2016-05-01_dtend2016-05-11/guisenges
@land.ufrj.br.png used on input line 640.
(pdftex.def)             Requested size: 234.73654pt x 165.69038pt.

<./figures/methodology/supervised_learning_try/cnt6_serverCTBDTCLDM91_mac64:66:
B3:A6:B7:BC_dtstart2016-05-01_dtend2016-05-11/gabriel.mendonca@tgr.net.br.png, 
id=567, 1228.59pt x 867.24pt>
File: ./figures/methodology/supervised_learning_try/cnt6_serverCTBDTCLDM91_mac6
4:66:B3:A6:B7:BC_dtstart2016-05-01_dtend2016-05-11/gabriel.mendonca@tgr.net.br.
png Graphic file (type png)

<use ./figures/methodology/supervised_learning_try/cnt6_serverCTBDTCLDM91_mac64
:66:B3:A6:B7:BC_dtstart2016-05-01_dtend2016-05-11/gabriel.mendonca@tgr.net.br.p
ng>
Package pdftex.def Info: ./figures/methodology/supervised_learning_try/cnt6_ser
verCTBDTCLDM91_mac64:66:B3:A6:B7:BC_dtstart2016-05-01_dtend2016-05-11/gabriel.m
endonca@tgr.net.br.png used on input line 640.
(pdftex.def)             Requested size: 234.73654pt x 165.69038pt.

<./figures/methodology/supervised_learning_try/cnt6_serverCTBDTCLDM91_mac64:66:
B3:A6:B7:BC_dtstart2016-05-01_dtend2016-05-11/edmundosilva@gmail.com.png, id=56
8, 1228.59pt x 867.24pt>
File: ./figures/methodology/supervised_learning_try/cnt6_serverCTBDTCLDM91_mac6
4:66:B3:A6:B7:BC_dtstart2016-05-01_dtend2016-05-11/edmundosilva@gmail.com.png G
raphic file (type png)

<use ./figures/methodology/supervised_learning_try/cnt6_serverCTBDTCLDM91_mac64
:66:B3:A6:B7:BC_dtstart2016-05-01_dtend2016-05-11/edmundosilva@gmail.com.png>
Package pdftex.def Info: ./figures/methodology/supervised_learning_try/cnt6_ser
verCTBDTCLDM91_mac64:66:B3:A6:B7:BC_dtstart2016-05-01_dtend2016-05-11/edmundosi
lva@gmail.com.png used on input line 650.
(pdftex.def)             Requested size: 234.73654pt x 165.69038pt.

<./figures/methodology/supervised_learning_try/cnt6_serverCTBDTCLDM91_mac64:66:
B3:A6:B7:BC_dtstart2016-05-01_dtend2016-05-11/edmundo@land.ufrj.br.png, id=569,
 1228.59pt x 867.24pt>
File: ./figures/methodology/supervised_learning_try/cnt6_serverCTBDTCLDM91_mac6
4:66:B3:A6:B7:BC_dtstart2016-05-01_dtend2016-05-11/edmundo@land.ufrj.br.png Gra
phic file (type png)

<use ./figures/methodology/supervised_learning_try/cnt6_serverCTBDTCLDM91_mac64
:66:B3:A6:B7:BC_dtstart2016-05-01_dtend2016-05-11/edmundo@land.ufrj.br.png>
Package pdftex.def Info: ./figures/methodology/supervised_learning_try/cnt6_ser
verCTBDTCLDM91_mac64:66:B3:A6:B7:BC_dtstart2016-05-01_dtend2016-05-11/edmundo@l
and.ufrj.br.png used on input line 650.
(pdftex.def)             Requested size: 234.73654pt x 165.69038pt.

[30 <./figures/methodology/supervised_learning_try/cnt6_serverNHODTCSRV04_mac64
:66:B3:A6:BC:B8_dtstart2016-05-01_dtend2016-05-11/rosam@land.ufrj.br.png> <./fi
gures/methodology/supervised_learning_try/cnt6_serverNHODTCSRV04_mac64:66:B3:A6
:BC:B8_dtstart2016-05-01_dtend2016-05-11/gustavo.santos@tgr.net.br.png> <./figu
res/methodology/supervised_learning_try/cnt6_serverNHODTCSRV04_mac64:66:B3:A6:B
C:B8_dtstart2016-05-01_dtend2016-05-11/guisenges@land.ufrj.br.png> <./figures/m
ethodology/supervised_learning_try/cnt6_serverNHODTCSRV04_mac64:66:B3:A6:BC:B8_
dtstart2016-05-01_dtend2016-05-11/gabriel.mendonca@tgr.net.br.png> <./figures/m
ethodology/supervised_learning_try/cnt6_serverNHODTCSRV04_mac64:66:B3:A6:BC:B8_
dtstart2016-05-01_dtend2016-05-11/edmundosilva@gmail.com.png> <./figures/method
ology/supervised_learning_try/cnt6_serverNHODTCSRV04_mac64:66:B3:A6:BC:B8_dtsta
rt2016-05-01_dtend2016-05-11/edmundo@land.ufrj.br.png>]
<./figures/methodology/supervised_learning_try/cnt6_serverNHODTCSRV04_mac64:66:
B3:A6:B6:36_dtstart2016-05-01_dtend2016-05-11/rosam@land.ufrj.br.png, id=581, 1
228.59pt x 867.24pt>
File: ./figures/methodology/supervised_learning_try/cnt6_serverNHODTCSRV04_mac6
4:66:B3:A6:B6:36_dtstart2016-05-01_dtend2016-05-11/rosam@land.ufrj.br.png Graph
ic file (type png)

<use ./figures/methodology/supervised_learning_try/cnt6_serverNHODTCSRV04_mac64
:66:B3:A6:B6:36_dtstart2016-05-01_dtend2016-05-11/rosam@land.ufrj.br.png>
Package pdftex.def Info: ./figures/methodology/supervised_learning_try/cnt6_ser
verNHODTCSRV04_mac64:66:B3:A6:B6:36_dtstart2016-05-01_dtend2016-05-11/rosam@lan
d.ufrj.br.png used on input line 672.
(pdftex.def)             Requested size: 234.73654pt x 165.69038pt.

<./figures/methodology/supervised_learning_try/cnt6_serverNHODTCSRV04_mac64:66:
B3:A6:B6:36_dtstart2016-05-01_dtend2016-05-11/edmundo@land.ufrj.br.png, id=582,
 1228.59pt x 867.24pt>
File: ./figures/methodology/supervised_learning_try/cnt6_serverNHODTCSRV04_mac6
4:66:B3:A6:B6:36_dtstart2016-05-01_dtend2016-05-11/edmundo@land.ufrj.br.png Gra
phic file (type png)

<use ./figures/methodology/supervised_learning_try/cnt6_serverNHODTCSRV04_mac64
:66:B3:A6:B6:36_dtstart2016-05-01_dtend2016-05-11/edmundo@land.ufrj.br.png>
Package pdftex.def Info: ./figures/methodology/supervised_learning_try/cnt6_ser
verNHODTCSRV04_mac64:66:B3:A6:B6:36_dtstart2016-05-01_dtend2016-05-11/edmundo@l
and.ufrj.br.png used on input line 672.
(pdftex.def)             Requested size: 234.73654pt x 165.69038pt.

[31 <./figures/methodology/supervised_learning_try/cnt6_serverCTBDTCLDM91_mac64
:66:B3:A6:B7:BC_dtstart2016-05-01_dtend2016-05-11/rosam@land.ufrj.br.png> <./fi
gures/methodology/supervised_learning_try/cnt6_serverCTBDTCLDM91_mac64:66:B3:A6
:B7:BC_dtstart2016-05-01_dtend2016-05-11/gustavo.santos@tgr.net.br.png> <./figu
res/methodology/supervised_learning_try/cnt6_serverCTBDTCLDM91_mac64:66:B3:A6:B
7:BC_dtstart2016-05-01_dtend2016-05-11/guisenges@land.ufrj.br.png> <./figures/m
ethodology/supervised_learning_try/cnt6_serverCTBDTCLDM91_mac64:66:B3:A6:B7:BC_
dtstart2016-05-01_dtend2016-05-11/gabriel.mendonca@tgr.net.br.png> <./figures/m
ethodology/supervised_learning_try/cnt6_serverCTBDTCLDM91_mac64:66:B3:A6:B7:BC_
dtstart2016-05-01_dtend2016-05-11/edmundosilva@gmail.com.png> <./figures/method
ology/supervised_learning_try/cnt6_serverCTBDTCLDM91_mac64:66:B3:A6:B7:BC_dtsta
rt2016-05-01_dtend2016-05-11/edmundo@land.ufrj.br.png>]) (./src/results.tex
[32 <./figures/methodology/supervised_learning_try/cnt6_serverNHODTCSRV04_mac64
:66:B3:A6:B6:36_dtstart2016-05-01_dtend2016-05-11/rosam@land.ufrj.br.png> <./fi
gures/methodology/supervised_learning_try/cnt6_serverNHODTCSRV04_mac64:66:B3:A6
:B6:36_dtstart2016-05-01_dtend2016-05-11/edmundo@land.ufrj.br.png>] [33]
Chapter 5.

<./figures/results/correct_examples/before_first_hop/serverSDRDTCLDM012_mac64:6
6:B3:50:06:D4_dtstart2016-05-01_dtend2016-05-11.png, id=610, 1228.59pt x 867.24
pt>
File: ./figures/results/correct_examples/before_first_hop/serverSDRDTCLDM012_ma
c64:66:B3:50:06:D4_dtstart2016-05-01_dtend2016-05-11.png Graphic file (type png
)

<use ./figures/results/correct_examples/before_first_hop/serverSDRDTCLDM012_mac
64:66:B3:50:06:D4_dtstart2016-05-01_dtend2016-05-11.png>
Package pdftex.def Info: ./figures/results/correct_examples/before_first_hop/se
rverSDRDTCLDM012_mac64:66:B3:50:06:D4_dtstart2016-05-01_dtend2016-05-11.png use
d on input line 51.
(pdftex.def)             Requested size: 213.39568pt x 150.63124pt.

<./figures/results/correct_examples/before_first_hop/serverSDRDTCLDM012_mac64:6
6:B3:A6:A9:70_dtstart2016-05-01_dtend2016-05-11.png, id=611, 1228.59pt x 867.24
pt>
File: ./figures/results/correct_examples/before_first_hop/serverSDRDTCLDM012_ma
c64:66:B3:A6:A9:70_dtstart2016-05-01_dtend2016-05-11.png Graphic file (type png
)

<use ./figures/results/correct_examples/before_first_hop/serverSDRDTCLDM012_mac
64:66:B3:A6:A9:70_dtstart2016-05-01_dtend2016-05-11.png>
Package pdftex.def Info: ./figures/results/correct_examples/before_first_hop/se
rverSDRDTCLDM012_mac64:66:B3:A6:A9:70_dtstart2016-05-01_dtend2016-05-11.png use
d on input line 51.
(pdftex.def)             Requested size: 213.39568pt x 150.63124pt.
 [34

]

LaTeX Warning: Reference `fig:zero_indegreee_correlation_client' on page 35 und
efined on input line 61.


LaTeX Warning: Reference `fig:zero_indegreee_correlation_user_groups_structure'
 on page 35 undefined on input line 63.


LaTeX Warning: Reference `fig:zero_indegreee_correlation_client' on page 35 und
efined on input line 68.


<./figures/results/correct_examples/zero_indegree_correlation/serverSOCDTCPEV01
_mac64:66:B3:4F:EA:E2_dtstart2016-06-01_dtend2016-06-11.png, id=617, 1228.59pt 
x 867.24pt>
File: ./figures/results/correct_examples/zero_indegree_correlation/serverSOCDTC
PEV01_mac64:66:B3:4F:EA:E2_dtstart2016-06-01_dtend2016-06-11.png Graphic file (
type png)

<use ./figures/results/correct_examples/zero_indegree_correlation/serverSOCDTCP
EV01_mac64:66:B3:4F:EA:E2_dtstart2016-06-01_dtend2016-06-11.png>
Package pdftex.def Info: ./figures/results/correct_examples/zero_indegree_corre
lation/serverSOCDTCPEV01_mac64:66:B3:4F:EA:E2_dtstart2016-06-01_dtend2016-06-11
.png used on input line 84.
(pdftex.def)             Requested size: 192.0548pt x 135.55885pt.

<./figures/results/correct_examples/zero_indegree_correlation/dtstart2016-06-01
_dtend2016-06-11_SOCDTCPEV01_traceroute_compress_embratel_graph_anonymized.png,
 id=618, 1059.96pt x 444.66125pt>
File: ./figures/results/correct_examples/zero_indegree_correlation/dtstart2016-
06-01_dtend2016-06-11_SOCDTCPEV01_traceroute_compress_embratel_graph_anonymized
.png Graphic file (type png)

<use ./figures/results/correct_examples/zero_indegree_correlation/dtstart2016-0
6-01_dtend2016-06-11_SOCDTCPEV01_traceroute_compress_embratel_graph_anonymized.
png>
Package pdftex.def Info: ./figures/results/correct_examples/zero_indegree_corre
lation/dtstart2016-06-01_dtend2016-06-11_SOCDTCPEV01_traceroute_compress_embrat
el_graph_anonymized.png used on input line 84.
(pdftex.def)             Requested size: 277.41176pt x 116.3759pt.


LaTeX Warning: Reference `fig:zero_indegreee_correlation_client' on page 35 und
efined on input line 90.


<./figures/results/correct_examples/zero_indegree_single/serverGRSCBCSRV01_mac6
4:66:B3:50:05:56_dtstart2016-06-21_dtend2016-07-01.png, id=620, 1228.59pt x 867
.24pt>
File: ./figures/results/correct_examples/zero_indegree_single/serverGRSCBCSRV01
_mac64:66:B3:50:05:56_dtstart2016-06-21_dtend2016-07-01.png Graphic file (type 
png)

<use ./figures/results/correct_examples/zero_indegree_single/serverGRSCBCSRV01_
mac64:66:B3:50:05:56_dtstart2016-06-21_dtend2016-07-01.png>
Package pdftex.def Info: ./figures/results/correct_examples/zero_indegree_singl
e/serverGRSCBCSRV01_mac64:66:B3:50:05:56_dtstart2016-06-21_dtend2016-07-01.png 
used on input line 110.
(pdftex.def)             Requested size: 192.0548pt x 135.55885pt.

<./figures/results/correct_examples/zero_indegree_single/dtstart2016-06-21_dten
d2016-07-01_GRSCBCSRV01_traceroute_compress_embratel_filter_graph_anonymized.pn
g, id=621, 1171.37625pt x 251.94125pt>
File: ./figures/results/correct_examples/zero_indegree_single/dtstart2016-06-21
_dtend2016-07-01_GRSCBCSRV01_traceroute_compress_embratel_filter_graph_anonymiz
ed.png Graphic file (type png)

<use ./figures/results/correct_examples/zero_indegree_single/dtstart2016-06-21_
dtend2016-07-01_GRSCBCSRV01_traceroute_compress_embratel_filter_graph_anonymize
d.png>
Package pdftex.def Info: ./figures/results/correct_examples/zero_indegree_singl
e/dtstart2016-06-21_dtend2016-07-01_GRSCBCSRV01_traceroute_compress_embratel_fi
lter_graph_anonymized.png used on input line 110.
(pdftex.def)             Requested size: 277.41176pt x 59.66751pt.
 [35 <./figures/results/correct_examples/before_first_hop/serverSDRDTCLDM012_ma
c64:66:B3:50:06:D4_dtstart2016-05-01_dtend2016-05-11.png> <./figures/results/co
rrect_examples/before_first_hop/serverSDRDTCLDM012_mac64:66:B3:A6:A9:70_dtstart
2016-05-01_dtend2016-05-11.png> <./figures/results/correct_examples/zero_indegr
ee_correlation/serverSOCDTCPEV01_mac64:66:B3:4F:EA:E2_dtstart2016-06-01_dtend20
16-06-11.png> <./figures/results/correct_examples/zero_indegree_correlation/dts
tart2016-06-01_dtend2016-06-11_SOCDTCPEV01_traceroute_compress_embratel_graph_a
nonymized.png>]

LaTeX Warning: No positions in optional float specifier.
               Default added (so using `tbp') on input line 118.


Overfull \hbox (190.99062pt too wide) in paragraph at lines 120--129
 [][] 
 []


<./figures/results/wrong_examples/time_correlation_example/serverSPOTVTSRV16_ma
c64:66:B3:A6:AB:80_dtstart2016-05-01_dtend2016-05-11.png, id=633, 1228.59pt x 8
67.24pt>
File: ./figures/results/wrong_examples/time_correlation_example/serverSPOTVTSRV
16_mac64:66:B3:A6:AB:80_dtstart2016-05-01_dtend2016-05-11.png Graphic file (typ
e png)

<use ./figures/results/wrong_examples/time_correlation_example/serverSPOTVTSRV1
6_mac64:66:B3:A6:AB:80_dtstart2016-05-01_dtend2016-05-11.png>
Package pdftex.def Info: ./figures/results/wrong_examples/time_correlation_exam
ple/serverSPOTVTSRV16_mac64:66:B3:A6:AB:80_dtstart2016-05-01_dtend2016-05-11.pn
g used on input line 150.
(pdftex.def)             Requested size: 213.39568pt x 150.63124pt.

<./figures/results/wrong_examples/time_correlation_example/serverSPOTVTSRV16_ma
c64:66:B3:A6:AC:40_dtstart2016-05-01_dtend2016-05-11.png, id=634, 1228.59pt x 8
67.24pt>
File: ./figures/results/wrong_examples/time_correlation_example/serverSPOTVTSRV
16_mac64:66:B3:A6:AC:40_dtstart2016-05-01_dtend2016-05-11.png Graphic file (typ
e png)

<use ./figures/results/wrong_examples/time_correlation_example/serverSPOTVTSRV1
6_mac64:66:B3:A6:AC:40_dtstart2016-05-01_dtend2016-05-11.png>
Package pdftex.def Info: ./figures/results/wrong_examples/time_correlation_exam
ple/serverSPOTVTSRV16_mac64:66:B3:A6:AC:40_dtstart2016-05-01_dtend2016-05-11.pn
g used on input line 150.
(pdftex.def)             Requested size: 213.39568pt x 150.63124pt.
 [36 <./figures/results/correct_examples/zero_indegree_single/serverGRSCBCSRV01
_mac64:66:B3:50:05:56_dtstart2016-06-21_dtend2016-07-01.png> <./figures/results
/correct_examples/zero_indegree_single/dtstart2016-06-21_dtend2016-07-01_GRSCBC
SRV01_traceroute_compress_embratel_filter_graph_anonymized.png> <./figures/resu
lts/wrong_examples/time_correlation_example/serverSPOTVTSRV16_mac64:66:B3:A6:AB
:80_dtstart2016-05-01_dtend2016-05-11.png> <./figures/results/wrong_examples/ti
me_correlation_example/serverSPOTVTSRV16_mac64:66:B3:A6:AC:40_dtstart2016-05-01
_dtend2016-05-11.png>]
<./figures/results/wrong_examples/untraceable_example/serverBHZDTCLDM062_mac64:
66:B3:50:00:68_dtstart2016-06-01_dtend2016-06-11.png, id=644, 1228.59pt x 867.2
4pt>
File: ./figures/results/wrong_examples/untraceable_example/serverBHZDTCLDM062_m
ac64:66:B3:50:00:68_dtstart2016-06-01_dtend2016-06-11.png Graphic file (type pn
g)

<use ./figures/results/wrong_examples/untraceable_example/serverBHZDTCLDM062_ma
c64:66:B3:50:00:68_dtstart2016-06-01_dtend2016-06-11.png>
Package pdftex.def Info: ./figures/results/wrong_examples/untraceable_example/s
erverBHZDTCLDM062_mac64:66:B3:50:00:68_dtstart2016-06-01_dtend2016-06-11.png us
ed on input line 178.
(pdftex.def)             Requested size: 213.39568pt x 150.63124pt.

<./figures/results/wrong_examples/untraceable_example/serverBHZDTCLDM062_mac64:
66:B3:50:00:B6_dtstart2016-06-01_dtend2016-06-11.png, id=645, 1228.59pt x 867.2
4pt>
File: ./figures/results/wrong_examples/untraceable_example/serverBHZDTCLDM062_m
ac64:66:B3:50:00:B6_dtstart2016-06-01_dtend2016-06-11.png Graphic file (type pn
g)

<use ./figures/results/wrong_examples/untraceable_example/serverBHZDTCLDM062_ma
c64:66:B3:50:00:B6_dtstart2016-06-01_dtend2016-06-11.png>
Package pdftex.def Info: ./figures/results/wrong_examples/untraceable_example/s
erverBHZDTCLDM062_mac64:66:B3:50:00:B6_dtstart2016-06-01_dtend2016-06-11.png us
ed on input line 178.
(pdftex.def)             Requested size: 213.39568pt x 150.63124pt.
 [37 <./figures/results/wrong_examples/untraceable_example/serverBHZDTCLDM062_m
ac64:66:B3:50:00:68_dtstart2016-06-01_dtend2016-06-11.png> <./figures/results/w
rong_examples/untraceable_example/serverBHZDTCLDM062_mac64:66:B3:50:00:B6_dtsta
rt2016-06-01_dtend2016-06-11.png>]

LaTeX Warning: Reference `fig:rtt_per_hop_client_1' on page 38 undefined on inp
ut line 212.


LaTeX Warning: Reference `fig:rtt_per_hop_client_2' on page 38 undefined on inp
ut line 215.


LaTeX Warning: Reference `fig:throughput_up_increase' on page 38 undefined on i
nput line 222.


LaTeX Warning: Reference `fig:number_of_clients_per_zero_indegree_vertex' on pa
ge 38 undefined on input line 228.


LaTeX Warning: Reference `fig:clients_sparsity' on page 38 undefined on input l
ine 234.

) (./src/conclusion.tex [38]
Chapter 6.
[39

] [40]) [41] (./thesis.bbl
Underfull \hbox (badness 10000) in paragraph at lines 20--25
[]\OT1/cmr/m/n/12 ADAMS, A., LA-PUKHOV, P., ZENG, J. H.  ``Net-NO-RAD:
 []


Underfull \hbox (badness 10000) in paragraph at lines 20--25
\OT1/cmr/m/n/12 Trou-bleshoot-ing net-works via end-to-end prob-ing''. 2016.
 []


Underfull \hbox (badness 10000) in paragraph at lines 20--25
[]$\OT1/cmtt/m/n/12 https : / / code . facebook . com / posts / 153435066022802
5 /
 []

LaTeX Font Info:    Try loading font information for OML+cmr on input line 35.
(/usr/share/texlive/texmf-dist/tex/latex/base/omlcmr.fd
File: omlcmr.fd 1999/05/25 v2.5h Standard LaTeX font definitions
)
LaTeX Font Info:    Font shape `OML/cmr/m/n' in size <12> not available
(Font)              Font shape `OML/cmm/m/it' tried instead on input line 35.
Missing character: There is no  in font cmr12!
Missing character: There is no  in font cmr12!
Missing character: There is no  in font cmr12!
 [42


] [43] [44])

AED: lastpage setting LastPage
[45]

Package glossaries Warning: \makeglossaries hasn't been used,
the glossaries will not be updated.


Package glossaries Warning: No \printglossary or \printglossaries found.
This document will not have a glossary.

Package atveryend Info: Empty hook `BeforeClearDocument' on input line 75.
Package atveryend Info: Empty hook `AfterLastShipout' on input line 75.
(./thesis.aux)
Package atveryend Info: Executing hook `AtVeryEndDocument' on input line 75.
Package atveryend Info: Executing hook `AtEndAfterFileList' on input line 75.
Package rerunfilecheck Info: File `thesis.out' has not changed.
(rerunfilecheck)             Checksum: CEFB39CD914DBA4D4C31618ADE188FFB;1973.


LaTeX Warning: There were undefined references.

Package atveryend Info: Empty hook `AtVeryVeryEnd' on input line 75.
 ) 
Here is how much of TeX's memory you used:
 13616 strings out of 493304
 231481 string characters out of 6139872
 358939 words of memory out of 5000000
 16550 multiletter control sequences out of 15000+600000
 13082 words of font info for 48 fonts, out of 8000000 for 9000
 957 hyphenation exceptions out of 8191
 46i,13n,80p,1687b,538s stack positions out of 5000i,500n,10000p,200000b,80000s
</usr/share/texlive/texmf-dist/fonts/type1/public/amsfonts/cm/cmbx12.pfb></us
r/share/texlive/texmf-dist/fonts/type1/public/amsfonts/cm/cmex10.pfb></usr/shar
e/texlive/texmf-dist/fonts/type1/public/amsfonts/cm/cmmi12.pfb></usr/share/texl
ive/texmf-dist/fonts/type1/public/amsfonts/cm/cmmi6.pfb></usr/share/texlive/tex
mf-dist/fonts/type1/public/amsfonts/cm/cmmi8.pfb></usr/share/texlive/texmf-dist
/fonts/type1/public/amsfonts/cm/cmmib10.pfb></usr/share/texlive/texmf-dist/font
s/type1/public/amsfonts/cmextra/cmmib8.pfb></usr/share/texlive/texmf-dist/fonts
/type1/public/amsfonts/cm/cmr10.pfb></usr/share/texlive/texmf-dist/fonts/type1/
public/amsfonts/cm/cmr12.pfb></usr/share/texlive/texmf-dist/fonts/type1/public/
amsfonts/cm/cmr6.pfb></usr/share/texlive/texmf-dist/fonts/type1/public/amsfonts
/cm/cmr8.pfb></usr/share/texlive/texmf-dist/fonts/type1/public/amsfonts/cm/cmsy
10.pfb></usr/share/texlive/texmf-dist/fonts/type1/public/amsfonts/cm/cmsy6.pfb>
</usr/share/texlive/texmf-dist/fonts/type1/public/amsfonts/cm/cmsy8.pfb></usr/s
hare/texlive/texmf-dist/fonts/type1/public/amsfonts/cm/cmti12.pfb></usr/share/t
exlive/texmf-dist/fonts/type1/public/amsfonts/cm/cmtt12.pfb>
Output written on thesis.pdf (54 pages, 3797712 bytes).
PDF statistics:
 809 PDF objects out of 1000 (max. 8388607)
 635 compressed objects within 7 object streams
 146 named destinations out of 1000 (max. 500000)
 505 words of extra memory for PDF output out of 10000 (max. 10000000)

